<?xml version="1.0" encoding="UTF-8"?>
<testng-results ignored="0" total="1" passed="1" failed="0" skipped="0">
  <reporter-output>
  </reporter-output>
  <suite started-at="2020-08-10T23:25:15 EET" name="mySuiteName" finished-at="2020-08-10T23:25:25 EET" duration-ms="9181">
    <groups>
    </groups>
    <test started-at="2020-08-10T23:25:15 EET" name="Incorta APIs" finished-at="2020-08-10T23:25:25 EET" duration-ms="9181">
      <class name="CiscoMeraki.TestRunner">
        <test-method signature="myTestCaseIMDB()[pri:0, instance:CiscoMeraki.TestRunner@4d14c1f2]" started-at="2020-08-10T23:25:15 EET" name="myTestCaseIMDB" finished-at="2020-08-10T23:25:25 EET" duration-ms="9049" status="PASS">
          <reporter-output>
          </reporter-output>
        </test-method> <!-- myTestCaseIMDB -->
      </class> <!-- CiscoMeraki.TestRunner -->
    </test> <!-- Incorta APIs -->
  </suite> <!-- mySuiteName -->
</testng-results>
